SF:lib/core/domain/convert_btc_rate_use_case.dart
DA:4,1
DA:7,1
DA:8,2
LF:3
LH:3
end_of_record
SF:lib/core/model/rating.dart
DA:11,1
DA:18,1
DA:19,1
DA:20,2
DA:21,1
DA:22,1
DA:23,2
DA:24,2
DA:26,1
DA:32,1
DA:33,1
DA:34,3
DA:35,2
DA:36,2
DA:37,6
DA:49,1
DA:57,1
DA:58,1
DA:59,1
DA:60,1
DA:61,2
DA:62,1
DA:63,1
DA:64,1
DA:68,1
DA:69,1
DA:70,2
DA:71,3
DA:72,2
DA:73,2
DA:74,2
DA:84,1
DA:90,1
DA:91,1
DA:92,1
DA:93,1
DA:94,1
DA:98,1
DA:99,1
DA:100,2
DA:101,2
DA:102,2
LF:42
LH:42
end_of_record
SF:lib/core/repository_impl/fake_rating_repository.dart
DA:7,1
DA:9,1
DA:11,2
DA:12,1
LF:4
LH:4
end_of_record
SF:lib/core/resource/fake_rating_resource.dart
DA:7,1
DA:9,1
DA:10,2
DA:11,2
LF:4
LH:4
end_of_record
SF:lib/feature/convert/convert_bloc.dart
DA:16,1
DA:19,1
DA:21,1
DA:22,1
DA:23,4
DA:24,2
DA:28,1
DA:30,4
DA:31,3
DA:32,4
DA:33,3
DA:34,1
DA:35,1
DA:36,1
DA:39,2
DA:40,3
DA:45,1
DA:46,3
DA:47,3
DA:50,1
DA:51,2
DA:52,2
DA:55,1
DA:56,1
DA:57,1
DA:58,2
DA:59,2
DA:61,3
DA:67,1
DA:69,2
DA:70,1
LF:31
LH:31
end_of_record
SF:lib/feature/convert/convert_state.dart
DA:10,2
DA:17,1
DA:18,1
DA:19,3
DA:20,2
DA:21,1
DA:22,1
DA:27,1
LF:8
LH:8
end_of_record
SF:lib/feature/home/home_bloc.dart
DA:12,1
DA:13,1
DA:15,1
DA:16,1
DA:17,4
DA:18,1
DA:19,2
DA:24,1
DA:26,2
DA:27,1
LF:10
LH:10
end_of_record
SF:lib/feature/home/home_state.dart
DA:7,2
DA:9,1
DA:10,4
DA:14,1
LF:4
LH:4
end_of_record
SF:lib/feature/rating_history/currency_bloc.dart
DA:13,1
DA:14,1
DA:16,1
DA:17,1
DA:18,1
DA:19,4
DA:20,1
DA:21,3
DA:22,7
DA:23,5
DA:28,1
DA:29,3
DA:30,1
DA:31,2
DA:32,7
DA:34,1
DA:35,6
DA:39,1
DA:41,2
DA:42,1
LF:20
LH:20
end_of_record
SF:lib/feature/rating_history/currency_state.dart
DA:8,2
DA:13,1
DA:14,1
DA:15,3
DA:16,2
LF:5
LH:5
end_of_record
SF:lib/core/repository/rating_repository.dart
DA:10,1
DA:11,2
DA:12,2
LF:3
LH:3
end_of_record
